<?xml version="1.0" encoding="UTF-8"?>
<testng-results skipped="0" failed="0" ignored="0" total="1" passed="1">
  <reporter-output>
  </reporter-output>
  <suite name="Suite" duration-ms="735" started-at="2020-04-04T17:49:59Z" finished-at="2020-04-04T17:49:59Z">
    <groups>
    </groups>
    <test name="Test" duration-ms="735" started-at="2020-04-04T17:49:59Z" finished-at="2020-04-04T17:49:59Z">
      <class name="com.practice.automation.runnner.CucumberRunnerTest">
        <test-method status="PASS" signature="setUP()[pri:0, instance:com.practice.automation.runnner.CucumberRunnerTest@1794d431]" name="setUP" is-config="true" duration-ms="250" started-at="2020-04-04T23:19:59Z" finished-at="2020-04-04T23:19:59Z">
          <reporter-output>
          </reporter-output>
        </test-method> <!-- setUP -->
        <test-method status="PASS" signature="login(cucumber.api.testng.CucumberFeatureWrapper)[pri:0, instance:com.practice.automation.runnner.CucumberRunnerTest@1794d431]" name="login" duration-ms="306" started-at="2020-04-04T23:19:59Z" description="login" data-provider="features" finished-at="2020-04-04T23:19:59Z">
          <params>
            <param index="0">
              <value>
                <![CDATA[Beneficiary login, add, edit, get, delete]]>
              </value>
            </param>
          </params>
          <reporter-output>
          </reporter-output>
        </test-method> <!-- login -->
        <test-method status="PASS" signature="tearDown()[pri:0, instance:com.practice.automation.runnner.CucumberRunnerTest@1794d431]" name="tearDown" is-config="true" duration-ms="61" started-at="2020-04-04T23:19:59Z" finished-at="2020-04-04T23:19:59Z">
          <reporter-output>
          </reporter-output>
        </test-method> <!-- tearDown -->
      </class> <!-- com.practice.automation.runnner.CucumberRunnerTest -->
    </test> <!-- Test -->
  </suite> <!-- Suite -->
</testng-results>
